Running target_layer_idx=0
Mask ratio=1
Executing: python _eval_llava.py  --model llava_new_1.6_7 --task vqav2  --max_sample 1000 --lora_name vqav2-0-llava_new_1.6_7-1 --batch_size 1 --attn_layer_idx 0 --target_layer_idx 0 --result_path result_0.json --mask_ratio 1 
nohup: ignoring input
Traceback (most recent call last):
  File "/ai/teacher/ssz/layer_task/MLLMR/_eval_llava.py", line 34, in <module>
    from models.llava.model.builder import load_pretrained_model
  File "/ai/teacher/ssz/layer_task/MLLMR/models/llava/model/builder.py", line 23, in <module>
    from llava.model import *
ModuleNotFoundError: No module named 'llava'
Running target_layer_idx=1
Mask ratio=1
Executing: python _eval_llava.py  --model llava_new_1.6_7 --task vqav2  --max_sample 1000 --lora_name vqav2-1-llava_new_1.6_7-1 --batch_size 1 --attn_layer_idx 0 --target_layer_idx 1 --result_path result_0.json --mask_ratio 1 
nohup: ignoring input
Traceback (most recent call last):
  File "/ai/teacher/ssz/layer_task/MLLMR/_eval_llava.py", line 34, in <module>
    from models.llava.model.builder import load_pretrained_model
  File "/ai/teacher/ssz/layer_task/MLLMR/models/llava/model/builder.py", line 23, in <module>
    from llava.model import *
ModuleNotFoundError: No module named 'llava'
Running target_layer_idx=2
Mask ratio=1
Executing: python _eval_llava.py  --model llava_new_1.6_7 --task vqav2  --max_sample 1000 --lora_name vqav2-2-llava_new_1.6_7-1 --batch_size 1 --attn_layer_idx 0 --target_layer_idx 2 --result_path result_0.json --mask_ratio 1 
nohup: ignoring input
Traceback (most recent call last):
  File "/ai/teacher/ssz/layer_task/MLLMR/_eval_llava.py", line 34, in <module>
    from models.llava.model.builder import load_pretrained_model
  File "/ai/teacher/ssz/layer_task/MLLMR/models/llava/model/builder.py", line 23, in <module>
    from llava.model import *
ModuleNotFoundError: No module named 'llava'
Running target_layer_idx=3
Mask ratio=1
Executing: python _eval_llava.py  --model llava_new_1.6_7 --task vqav2  --max_sample 1000 --lora_name vqav2-3-llava_new_1.6_7-1 --batch_size 1 --attn_layer_idx 0 --target_layer_idx 3 --result_path result_0.json --mask_ratio 1 
nohup: ignoring input
Traceback (most recent call last):
  File "/ai/teacher/ssz/layer_task/MLLMR/_eval_llava.py", line 34, in <module>
    from models.llava.model.builder import load_pretrained_model
  File "/ai/teacher/ssz/layer_task/MLLMR/models/llava/model/builder.py", line 23, in <module>
    from llava.model import *
ModuleNotFoundError: No module named 'llava'
Running target_layer_idx=4
Mask ratio=1
Executing: python _eval_llava.py  --model llava_new_1.6_7 --task vqav2  --max_sample 1000 --lora_name vqav2-4-llava_new_1.6_7-1 --batch_size 1 --attn_layer_idx 0 --target_layer_idx 4 --result_path result_0.json --mask_ratio 1 
nohup: ignoring input
Traceback (most recent call last):
  File "/ai/teacher/ssz/layer_task/MLLMR/_eval_llava.py", line 34, in <module>
    from models.llava.model.builder import load_pretrained_model
  File "/ai/teacher/ssz/layer_task/MLLMR/models/llava/model/builder.py", line 23, in <module>
    from llava.model import *
ModuleNotFoundError: No module named 'llava'
Running target_layer_idx=5
Mask ratio=1
Executing: python _eval_llava.py  --model llava_new_1.6_7 --task vqav2  --max_sample 1000 --lora_name vqav2-5-llava_new_1.6_7-1 --batch_size 1 --attn_layer_idx 0 --target_layer_idx 5 --result_path result_0.json --mask_ratio 1 
nohup: ignoring input
Traceback (most recent call last):
  File "/ai/teacher/ssz/layer_task/MLLMR/_eval_llava.py", line 34, in <module>
    from models.llava.model.builder import load_pretrained_model
  File "/ai/teacher/ssz/layer_task/MLLMR/models/llava/model/builder.py", line 23, in <module>
    from llava.model import *
ModuleNotFoundError: No module named 'llava'
Running target_layer_idx=6
Mask ratio=1
Executing: python _eval_llava.py  --model llava_new_1.6_7 --task vqav2  --max_sample 1000 --lora_name vqav2-6-llava_new_1.6_7-1 --batch_size 1 --attn_layer_idx 0 --target_layer_idx 6 --result_path result_0.json --mask_ratio 1 
nohup: ignoring input
Traceback (most recent call last):
  File "/ai/teacher/ssz/layer_task/MLLMR/_eval_llava.py", line 34, in <module>
    from models.llava.model.builder import load_pretrained_model
  File "/ai/teacher/ssz/layer_task/MLLMR/models/llava/model/builder.py", line 23, in <module>
    from llava.model import *
ModuleNotFoundError: No module named 'llava'
Running target_layer_idx=7
Mask ratio=1
Executing: python _eval_llava.py  --model llava_new_1.6_7 --task vqav2  --max_sample 1000 --lora_name vqav2-7-llava_new_1.6_7-1 --batch_size 1 --attn_layer_idx 0 --target_layer_idx 7 --result_path result_0.json --mask_ratio 1 
nohup: ignoring input
Traceback (most recent call last):
  File "/ai/teacher/ssz/layer_task/MLLMR/_eval_llava.py", line 34, in <module>
    from models.llava.model.builder import load_pretrained_model
  File "/ai/teacher/ssz/layer_task/MLLMR/models/llava/model/builder.py", line 23, in <module>
    from llava.model import *
ModuleNotFoundError: No module named 'llava'
Running target_layer_idx=8
Mask ratio=1
Executing: python _eval_llava.py  --model llava_new_1.6_7 --task vqav2  --max_sample 1000 --lora_name vqav2-8-llava_new_1.6_7-1 --batch_size 1 --attn_layer_idx 0 --target_layer_idx 8 --result_path result_0.json --mask_ratio 1 
nohup: ignoring input
Traceback (most recent call last):
  File "/ai/teacher/ssz/layer_task/MLLMR/_eval_llava.py", line 34, in <module>
    from models.llava.model.builder import load_pretrained_model
  File "/ai/teacher/ssz/layer_task/MLLMR/models/llava/model/builder.py", line 23, in <module>
    from llava.model import *
ModuleNotFoundError: No module named 'llava'
Running target_layer_idx=9
Mask ratio=1
Executing: python _eval_llava.py  --model llava_new_1.6_7 --task vqav2  --max_sample 1000 --lora_name vqav2-9-llava_new_1.6_7-1 --batch_size 1 --attn_layer_idx 0 --target_layer_idx 9 --result_path result_0.json --mask_ratio 1 
nohup: ignoring input
Traceback (most recent call last):
  File "/ai/teacher/ssz/layer_task/MLLMR/_eval_llava.py", line 34, in <module>
    from models.llava.model.builder import load_pretrained_model
  File "/ai/teacher/ssz/layer_task/MLLMR/models/llava/model/builder.py", line 23, in <module>
    from llava.model import *
ModuleNotFoundError: No module named 'llava'
Running target_layer_idx=10
Mask ratio=1
Executing: python _eval_llava.py  --model llava_new_1.6_7 --task vqav2  --max_sample 1000 --lora_name vqav2-10-llava_new_1.6_7-1 --batch_size 1 --attn_layer_idx 0 --target_layer_idx 10 --result_path result_0.json --mask_ratio 1 
nohup: ignoring input
Traceback (most recent call last):
  File "/ai/teacher/ssz/layer_task/MLLMR/_eval_llava.py", line 34, in <module>
    from models.llava.model.builder import load_pretrained_model
  File "/ai/teacher/ssz/layer_task/MLLMR/models/llava/model/builder.py", line 23, in <module>
    from llava.model import *
ModuleNotFoundError: No module named 'llava'
Running target_layer_idx=11
Mask ratio=1
Executing: python _eval_llava.py  --model llava_new_1.6_7 --task vqav2  --max_sample 1000 --lora_name vqav2-11-llava_new_1.6_7-1 --batch_size 1 --attn_layer_idx 0 --target_layer_idx 11 --result_path result_0.json --mask_ratio 1 
nohup: ignoring input
Traceback (most recent call last):
  File "/ai/teacher/ssz/layer_task/MLLMR/_eval_llava.py", line 34, in <module>
    from models.llava.model.builder import load_pretrained_model
  File "/ai/teacher/ssz/layer_task/MLLMR/models/llava/model/builder.py", line 23, in <module>
    from llava.model import *
ModuleNotFoundError: No module named 'llava'
Running target_layer_idx=12
Mask ratio=1
Executing: python _eval_llava.py  --model llava_new_1.6_7 --task vqav2  --max_sample 1000 --lora_name vqav2-12-llava_new_1.6_7-1 --batch_size 1 --attn_layer_idx 0 --target_layer_idx 12 --result_path result_0.json --mask_ratio 1 
nohup: ignoring input
Traceback (most recent call last):
  File "/ai/teacher/ssz/layer_task/MLLMR/_eval_llava.py", line 34, in <module>
    from models.llava.model.builder import load_pretrained_model
  File "/ai/teacher/ssz/layer_task/MLLMR/models/llava/model/builder.py", line 23, in <module>
    from llava.model import *
ModuleNotFoundError: No module named 'llava'
Running target_layer_idx=13
Mask ratio=1
Executing: python _eval_llava.py  --model llava_new_1.6_7 --task vqav2  --max_sample 1000 --lora_name vqav2-13-llava_new_1.6_7-1 --batch_size 1 --attn_layer_idx 0 --target_layer_idx 13 --result_path result_0.json --mask_ratio 1 
nohup: ignoring input
Traceback (most recent call last):
  File "/ai/teacher/ssz/layer_task/MLLMR/_eval_llava.py", line 34, in <module>
    from models.llava.model.builder import load_pretrained_model
  File "/ai/teacher/ssz/layer_task/MLLMR/models/llava/model/builder.py", line 23, in <module>
    from llava.model import *
ModuleNotFoundError: No module named 'llava'
Running target_layer_idx=14
Mask ratio=1
Executing: python _eval_llava.py  --model llava_new_1.6_7 --task vqav2  --max_sample 1000 --lora_name vqav2-14-llava_new_1.6_7-1 --batch_size 1 --attn_layer_idx 0 --target_layer_idx 14 --result_path result_0.json --mask_ratio 1 
nohup: ignoring input
Traceback (most recent call last):
  File "/ai/teacher/ssz/layer_task/MLLMR/_eval_llava.py", line 34, in <module>
    from models.llava.model.builder import load_pretrained_model
  File "/ai/teacher/ssz/layer_task/MLLMR/models/llava/model/builder.py", line 23, in <module>
    from llava.model import *
ModuleNotFoundError: No module named 'llava'
Running target_layer_idx=15
Mask ratio=1
Executing: python _eval_llava.py  --model llava_new_1.6_7 --task vqav2  --max_sample 1000 --lora_name vqav2-15-llava_new_1.6_7-1 --batch_size 1 --attn_layer_idx 0 --target_layer_idx 15 --result_path result_0.json --mask_ratio 1 
nohup: ignoring input
Traceback (most recent call last):
  File "/ai/teacher/ssz/layer_task/MLLMR/_eval_llava.py", line 34, in <module>
    from models.llava.model.builder import load_pretrained_model
  File "/ai/teacher/ssz/layer_task/MLLMR/models/llava/model/builder.py", line 23, in <module>
    from llava.model import *
ModuleNotFoundError: No module named 'llava'
Running target_layer_idx=16
Mask ratio=1
Executing: python _eval_llava.py  --model llava_new_1.6_7 --task vqav2  --max_sample 1000 --lora_name vqav2-16-llava_new_1.6_7-1 --batch_size 1 --attn_layer_idx 0 --target_layer_idx 16 --result_path result_0.json --mask_ratio 1 
nohup: ignoring input
Traceback (most recent call last):
  File "/ai/teacher/ssz/layer_task/MLLMR/_eval_llava.py", line 34, in <module>
    from models.llava.model.builder import load_pretrained_model
  File "/ai/teacher/ssz/layer_task/MLLMR/models/llava/model/builder.py", line 23, in <module>
    from llava.model import *
ModuleNotFoundError: No module named 'llava'
Running target_layer_idx=17
Mask ratio=1
Executing: python _eval_llava.py  --model llava_new_1.6_7 --task vqav2  --max_sample 1000 --lora_name vqav2-17-llava_new_1.6_7-1 --batch_size 1 --attn_layer_idx 0 --target_layer_idx 17 --result_path result_0.json --mask_ratio 1 
nohup: ignoring input
Traceback (most recent call last):
  File "/ai/teacher/ssz/layer_task/MLLMR/_eval_llava.py", line 34, in <module>
    from models.llava.model.builder import load_pretrained_model
  File "/ai/teacher/ssz/layer_task/MLLMR/models/llava/model/builder.py", line 23, in <module>
    from llava.model import *
ModuleNotFoundError: No module named 'llava'
Running target_layer_idx=18
Mask ratio=1
Executing: python _eval_llava.py  --model llava_new_1.6_7 --task vqav2  --max_sample 1000 --lora_name vqav2-18-llava_new_1.6_7-1 --batch_size 1 --attn_layer_idx 0 --target_layer_idx 18 --result_path result_0.json --mask_ratio 1 
nohup: ignoring input
Traceback (most recent call last):
  File "/ai/teacher/ssz/layer_task/MLLMR/_eval_llava.py", line 34, in <module>
    from models.llava.model.builder import load_pretrained_model
  File "/ai/teacher/ssz/layer_task/MLLMR/models/llava/model/builder.py", line 23, in <module>
    from llava.model import *
ModuleNotFoundError: No module named 'llava'
Running target_layer_idx=19
Mask ratio=1
Executing: python _eval_llava.py  --model llava_new_1.6_7 --task vqav2  --max_sample 1000 --lora_name vqav2-19-llava_new_1.6_7-1 --batch_size 1 --attn_layer_idx 0 --target_layer_idx 19 --result_path result_0.json --mask_ratio 1 
nohup: ignoring input
Traceback (most recent call last):
  File "/ai/teacher/ssz/layer_task/MLLMR/_eval_llava.py", line 34, in <module>
    from models.llava.model.builder import load_pretrained_model
  File "/ai/teacher/ssz/layer_task/MLLMR/models/llava/model/builder.py", line 23, in <module>
    from llava.model import *
ModuleNotFoundError: No module named 'llava'
Running target_layer_idx=20
Mask ratio=1
Executing: python _eval_llava.py  --model llava_new_1.6_7 --task vqav2  --max_sample 1000 --lora_name vqav2-20-llava_new_1.6_7-1 --batch_size 1 --attn_layer_idx 0 --target_layer_idx 20 --result_path result_0.json --mask_ratio 1 
nohup: ignoring input
Traceback (most recent call last):
  File "/ai/teacher/ssz/layer_task/MLLMR/_eval_llava.py", line 34, in <module>
    from models.llava.model.builder import load_pretrained_model
  File "/ai/teacher/ssz/layer_task/MLLMR/models/llava/model/builder.py", line 23, in <module>
    from llava.model import *
ModuleNotFoundError: No module named 'llava'
Running target_layer_idx=21
Mask ratio=1
Executing: python _eval_llava.py  --model llava_new_1.6_7 --task vqav2  --max_sample 1000 --lora_name vqav2-21-llava_new_1.6_7-1 --batch_size 1 --attn_layer_idx 0 --target_layer_idx 21 --result_path result_0.json --mask_ratio 1 
nohup: ignoring input
Traceback (most recent call last):
  File "/ai/teacher/ssz/layer_task/MLLMR/_eval_llava.py", line 34, in <module>
    from models.llava.model.builder import load_pretrained_model
  File "/ai/teacher/ssz/layer_task/MLLMR/models/llava/model/builder.py", line 23, in <module>
    from llava.model import *
ModuleNotFoundError: No module named 'llava'
Running target_layer_idx=22
Mask ratio=1
Executing: python _eval_llava.py  --model llava_new_1.6_7 --task vqav2  --max_sample 1000 --lora_name vqav2-22-llava_new_1.6_7-1 --batch_size 1 --attn_layer_idx 0 --target_layer_idx 22 --result_path result_0.json --mask_ratio 1 
nohup: ignoring input
Traceback (most recent call last):
  File "/ai/teacher/ssz/layer_task/MLLMR/_eval_llava.py", line 34, in <module>
    from models.llava.model.builder import load_pretrained_model
  File "/ai/teacher/ssz/layer_task/MLLMR/models/llava/model/builder.py", line 23, in <module>
    from llava.model import *
ModuleNotFoundError: No module named 'llava'
Running target_layer_idx=23
Mask ratio=1
Executing: python _eval_llava.py  --model llava_new_1.6_7 --task vqav2  --max_sample 1000 --lora_name vqav2-23-llava_new_1.6_7-1 --batch_size 1 --attn_layer_idx 0 --target_layer_idx 23 --result_path result_0.json --mask_ratio 1 
nohup: ignoring input
Traceback (most recent call last):
  File "/ai/teacher/ssz/layer_task/MLLMR/_eval_llava.py", line 34, in <module>
    from models.llava.model.builder import load_pretrained_model
  File "/ai/teacher/ssz/layer_task/MLLMR/models/llava/model/builder.py", line 23, in <module>
    from llava.model import *
ModuleNotFoundError: No module named 'llava'
Running target_layer_idx=24
Mask ratio=1
Executing: python _eval_llava.py  --model llava_new_1.6_7 --task vqav2  --max_sample 1000 --lora_name vqav2-24-llava_new_1.6_7-1 --batch_size 1 --attn_layer_idx 0 --target_layer_idx 24 --result_path result_0.json --mask_ratio 1 
nohup: ignoring input
Traceback (most recent call last):
  File "/ai/teacher/ssz/layer_task/MLLMR/_eval_llava.py", line 34, in <module>
    from models.llava.model.builder import load_pretrained_model
  File "/ai/teacher/ssz/layer_task/MLLMR/models/llava/model/builder.py", line 23, in <module>
    from llava.model import *
ModuleNotFoundError: No module named 'llava'
Running target_layer_idx=25
Mask ratio=1
Executing: python _eval_llava.py  --model llava_new_1.6_7 --task vqav2  --max_sample 1000 --lora_name vqav2-25-llava_new_1.6_7-1 --batch_size 1 --attn_layer_idx 0 --target_layer_idx 25 --result_path result_0.json --mask_ratio 1 
nohup: ignoring input
Traceback (most recent call last):
  File "/ai/teacher/ssz/layer_task/MLLMR/_eval_llava.py", line 34, in <module>
    from models.llava.model.builder import load_pretrained_model
  File "/ai/teacher/ssz/layer_task/MLLMR/models/llava/model/builder.py", line 23, in <module>
    from llava.model import *
ModuleNotFoundError: No module named 'llava'
Running target_layer_idx=26
Mask ratio=1
Executing: python _eval_llava.py  --model llava_new_1.6_7 --task vqav2  --max_sample 1000 --lora_name vqav2-26-llava_new_1.6_7-1 --batch_size 1 --attn_layer_idx 0 --target_layer_idx 26 --result_path result_0.json --mask_ratio 1 
nohup: ignoring input
Traceback (most recent call last):
  File "/ai/teacher/ssz/layer_task/MLLMR/_eval_llava.py", line 34, in <module>
    from models.llava.model.builder import load_pretrained_model
  File "/ai/teacher/ssz/layer_task/MLLMR/models/llava/model/builder.py", line 23, in <module>
    from llava.model import *
ModuleNotFoundError: No module named 'llava'
Running target_layer_idx=27
Mask ratio=1
Executing: python _eval_llava.py  --model llava_new_1.6_7 --task vqav2  --max_sample 1000 --lora_name vqav2-27-llava_new_1.6_7-1 --batch_size 1 --attn_layer_idx 0 --target_layer_idx 27 --result_path result_0.json --mask_ratio 1 
nohup: ignoring input
Traceback (most recent call last):
  File "/ai/teacher/ssz/layer_task/MLLMR/_eval_llava.py", line 34, in <module>
    from models.llava.model.builder import load_pretrained_model
  File "/ai/teacher/ssz/layer_task/MLLMR/models/llava/model/builder.py", line 23, in <module>
    from llava.model import *
ModuleNotFoundError: No module named 'llava'
Running target_layer_idx=28
Mask ratio=1
Executing: python _eval_llava.py  --model llava_new_1.6_7 --task vqav2  --max_sample 1000 --lora_name vqav2-28-llava_new_1.6_7-1 --batch_size 1 --attn_layer_idx 0 --target_layer_idx 28 --result_path result_0.json --mask_ratio 1 
nohup: ignoring input
Traceback (most recent call last):
  File "/ai/teacher/ssz/layer_task/MLLMR/_eval_llava.py", line 34, in <module>
    from models.llava.model.builder import load_pretrained_model
  File "/ai/teacher/ssz/layer_task/MLLMR/models/llava/model/builder.py", line 23, in <module>
    from llava.model import *
ModuleNotFoundError: No module named 'llava'
Running target_layer_idx=29
Mask ratio=1
Executing: python _eval_llava.py  --model llava_new_1.6_7 --task vqav2  --max_sample 1000 --lora_name vqav2-29-llava_new_1.6_7-1 --batch_size 1 --attn_layer_idx 0 --target_layer_idx 29 --result_path result_0.json --mask_ratio 1 
nohup: ignoring input
Traceback (most recent call last):
  File "/ai/teacher/ssz/layer_task/MLLMR/_eval_llava.py", line 34, in <module>
    from models.llava.model.builder import load_pretrained_model
  File "/ai/teacher/ssz/layer_task/MLLMR/models/llava/model/builder.py", line 23, in <module>
    from llava.model import *
ModuleNotFoundError: No module named 'llava'
Running target_layer_idx=30
Mask ratio=1
Executing: python _eval_llava.py  --model llava_new_1.6_7 --task vqav2  --max_sample 1000 --lora_name vqav2-30-llava_new_1.6_7-1 --batch_size 1 --attn_layer_idx 0 --target_layer_idx 30 --result_path result_0.json --mask_ratio 1 
nohup: ignoring input
Traceback (most recent call last):
  File "/ai/teacher/ssz/layer_task/MLLMR/_eval_llava.py", line 34, in <module>
    from models.llava.model.builder import load_pretrained_model
  File "/ai/teacher/ssz/layer_task/MLLMR/models/llava/model/builder.py", line 23, in <module>
    from llava.model import *
ModuleNotFoundError: No module named 'llava'
Running target_layer_idx=31
Mask ratio=1
Executing: python _eval_llava.py  --model llava_new_1.6_7 --task vqav2  --max_sample 1000 --lora_name vqav2-31-llava_new_1.6_7-1 --batch_size 1 --attn_layer_idx 0 --target_layer_idx 31 --result_path result_0.json --mask_ratio 1 
nohup: ignoring input
Traceback (most recent call last):
  File "/ai/teacher/ssz/layer_task/MLLMR/_eval_llava.py", line 34, in <module>
    from models.llava.model.builder import load_pretrained_model
  File "/ai/teacher/ssz/layer_task/MLLMR/models/llava/model/builder.py", line 23, in <module>
    from llava.model import *
ModuleNotFoundError: No module named 'llava'
Running target_layer_idx=0
Mask ratio=1
Executing: python _eval_llava.py  --model llava_new_1.6_7 --task vqav2  --max_sample 1000 --lora_name vqav2-0-llava_new_1.6_7-1 --batch_size 1 --attn_layer_idx 0 --target_layer_idx 0 --result_path result_2.json --mask_ratio 1 
nohup: ignoring input
Traceback (most recent call last):
  File "/ai/teacher/ssz/Decoding/MLLMR copy/_eval_llava.py", line 6, in <module>
    from transformers import AutoProcessor, AutoConfig
ImportError: cannot import name 'AutoProcessor' from 'transformers' (unknown location)
Running target_layer_idx=1
Mask ratio=1
Executing: python _eval_llava.py  --model llava_new_1.6_7 --task vqav2  --max_sample 1000 --lora_name vqav2-1-llava_new_1.6_7-1 --batch_size 1 --attn_layer_idx 0 --target_layer_idx 1 --result_path result_2.json --mask_ratio 1 
nohup: ignoring input
Traceback (most recent call last):
  File "/ai/teacher/ssz/Decoding/MLLMR copy/_eval_llava.py", line 6, in <module>
    from transformers import AutoProcessor, AutoConfig
ImportError: cannot import name 'AutoProcessor' from 'transformers' (unknown location)
Running target_layer_idx=2
Mask ratio=1
Executing: python _eval_llava.py  --model llava_new_1.6_7 --task vqav2  --max_sample 1000 --lora_name vqav2-2-llava_new_1.6_7-1 --batch_size 1 --attn_layer_idx 0 --target_layer_idx 2 --result_path result_2.json --mask_ratio 1 
nohup: ignoring input
Traceback (most recent call last):
  File "/ai/teacher/ssz/Decoding/MLLMR copy/_eval_llava.py", line 6, in <module>
    from transformers import AutoProcessor, AutoConfig
ImportError: cannot import name 'AutoProcessor' from 'transformers' (unknown location)
Running target_layer_idx=3
Mask ratio=1
Executing: python _eval_llava.py  --model llava_new_1.6_7 --task vqav2  --max_sample 1000 --lora_name vqav2-3-llava_new_1.6_7-1 --batch_size 1 --attn_layer_idx 0 --target_layer_idx 3 --result_path result_2.json --mask_ratio 1 
nohup: ignoring input
Traceback (most recent call last):
  File "/ai/teacher/ssz/Decoding/MLLMR copy/_eval_llava.py", line 6, in <module>
    from transformers import AutoProcessor, AutoConfig
ImportError: cannot import name 'AutoProcessor' from 'transformers' (unknown location)
Running target_layer_idx=4
Mask ratio=1
Executing: python _eval_llava.py  --model llava_new_1.6_7 --task vqav2  --max_sample 1000 --lora_name vqav2-4-llava_new_1.6_7-1 --batch_size 1 --attn_layer_idx 0 --target_layer_idx 4 --result_path result_2.json --mask_ratio 1 
nohup: ignoring input
Traceback (most recent call last):
  File "/ai/teacher/ssz/Decoding/MLLMR copy/_eval_llava.py", line 6, in <module>
    from transformers import AutoProcessor, AutoConfig
ImportError: cannot import name 'AutoProcessor' from 'transformers' (unknown location)
Running target_layer_idx=5
Mask ratio=1
Executing: python _eval_llava.py  --model llava_new_1.6_7 --task vqav2  --max_sample 1000 --lora_name vqav2-5-llava_new_1.6_7-1 --batch_size 1 --attn_layer_idx 0 --target_layer_idx 5 --result_path result_2.json --mask_ratio 1 
nohup: ignoring input
Traceback (most recent call last):
  File "/ai/teacher/ssz/Decoding/MLLMR copy/_eval_llava.py", line 6, in <module>
    from transformers import AutoProcessor, AutoConfig
ImportError: cannot import name 'AutoProcessor' from 'transformers' (unknown location)
Running target_layer_idx=6
Mask ratio=1
Executing: python _eval_llava.py  --model llava_new_1.6_7 --task vqav2  --max_sample 1000 --lora_name vqav2-6-llava_new_1.6_7-1 --batch_size 1 --attn_layer_idx 0 --target_layer_idx 6 --result_path result_2.json --mask_ratio 1 
nohup: ignoring input
Traceback (most recent call last):
  File "/ai/teacher/ssz/Decoding/MLLMR copy/_eval_llava.py", line 6, in <module>
    from transformers import AutoProcessor, AutoConfig
ImportError: cannot import name 'AutoProcessor' from 'transformers' (unknown location)
Running target_layer_idx=7
Mask ratio=1
Executing: python _eval_llava.py  --model llava_new_1.6_7 --task vqav2  --max_sample 1000 --lora_name vqav2-7-llava_new_1.6_7-1 --batch_size 1 --attn_layer_idx 0 --target_layer_idx 7 --result_path result_2.json --mask_ratio 1 
nohup: ignoring input
Traceback (most recent call last):
  File "/ai/teacher/ssz/Decoding/MLLMR copy/_eval_llava.py", line 6, in <module>
    from transformers import AutoProcessor, AutoConfig
ImportError: cannot import name 'AutoProcessor' from 'transformers' (unknown location)
Running target_layer_idx=8
Mask ratio=1
Executing: python _eval_llava.py  --model llava_new_1.6_7 --task vqav2  --max_sample 1000 --lora_name vqav2-8-llava_new_1.6_7-1 --batch_size 1 --attn_layer_idx 0 --target_layer_idx 8 --result_path result_2.json --mask_ratio 1 
nohup: ignoring input
Traceback (most recent call last):
  File "/ai/teacher/ssz/Decoding/MLLMR copy/_eval_llava.py", line 6, in <module>
    from transformers import AutoProcessor, AutoConfig
ImportError: cannot import name 'AutoProcessor' from 'transformers' (unknown location)
Running target_layer_idx=9
Mask ratio=1
Executing: python _eval_llava.py  --model llava_new_1.6_7 --task vqav2  --max_sample 1000 --lora_name vqav2-9-llava_new_1.6_7-1 --batch_size 1 --attn_layer_idx 0 --target_layer_idx 9 --result_path result_2.json --mask_ratio 1 
nohup: ignoring input
Traceback (most recent call last):
  File "/ai/teacher/ssz/Decoding/MLLMR copy/_eval_llava.py", line 6, in <module>
    from transformers import AutoProcessor, AutoConfig
ImportError: cannot import name 'AutoProcessor' from 'transformers' (unknown location)
Running target_layer_idx=10
Mask ratio=1
Executing: python _eval_llava.py  --model llava_new_1.6_7 --task vqav2  --max_sample 1000 --lora_name vqav2-10-llava_new_1.6_7-1 --batch_size 1 --attn_layer_idx 0 --target_layer_idx 10 --result_path result_2.json --mask_ratio 1 
nohup: ignoring input
Traceback (most recent call last):
  File "/ai/teacher/ssz/Decoding/MLLMR copy/_eval_llava.py", line 6, in <module>
    from transformers import AutoProcessor, AutoConfig
ImportError: cannot import name 'AutoProcessor' from 'transformers' (unknown location)
Running target_layer_idx=11
Mask ratio=1
Executing: python _eval_llava.py  --model llava_new_1.6_7 --task vqav2  --max_sample 1000 --lora_name vqav2-11-llava_new_1.6_7-1 --batch_size 1 --attn_layer_idx 0 --target_layer_idx 11 --result_path result_2.json --mask_ratio 1 
nohup: ignoring input
Traceback (most recent call last):
  File "/ai/teacher/ssz/Decoding/MLLMR copy/_eval_llava.py", line 6, in <module>
    from transformers import AutoProcessor, AutoConfig
ImportError: cannot import name 'AutoProcessor' from 'transformers' (unknown location)
Running target_layer_idx=12
Mask ratio=1
Executing: python _eval_llava.py  --model llava_new_1.6_7 --task vqav2  --max_sample 1000 --lora_name vqav2-12-llava_new_1.6_7-1 --batch_size 1 --attn_layer_idx 0 --target_layer_idx 12 --result_path result_2.json --mask_ratio 1 
nohup: ignoring input
Traceback (most recent call last):
  File "/ai/teacher/ssz/Decoding/MLLMR copy/_eval_llava.py", line 6, in <module>
    from transformers import AutoProcessor, AutoConfig
ImportError: cannot import name 'AutoProcessor' from 'transformers' (unknown location)
