Running target_layer_idx=0
Mask ratio=1
Executing: python _eval_llava.py  --model llava_new_1.6_7 --task vizwiz  --max_sample 1000 --lora_name vizwiz-0-llava_new_1.6_7-1 --batch_size 1 --attn_layer_idx 0 --target_layer_idx 0 --result_path result_0.json --mask_ratio 1 
nohup: ignoring input
Traceback (most recent call last):
  File "/ai/teacher/ssz/layer_task/MLLMR/_eval_llava.py", line 34, in <module>
    from models.llava.model.builder import load_pretrained_model
  File "/ai/teacher/ssz/layer_task/MLLMR/models/llava/model/builder.py", line 23, in <module>
    from llava.model import *
ModuleNotFoundError: No module named 'llava'
Running target_layer_idx=1
Mask ratio=1
Executing: python _eval_llava.py  --model llava_new_1.6_7 --task vizwiz  --max_sample 1000 --lora_name vizwiz-1-llava_new_1.6_7-1 --batch_size 1 --attn_layer_idx 0 --target_layer_idx 1 --result_path result_0.json --mask_ratio 1 
nohup: ignoring input
Traceback (most recent call last):
  File "/ai/teacher/ssz/layer_task/MLLMR/_eval_llava.py", line 34, in <module>
    from models.llava.model.builder import load_pretrained_model
  File "/ai/teacher/ssz/layer_task/MLLMR/models/llava/model/builder.py", line 23, in <module>
    from llava.model import *
ModuleNotFoundError: No module named 'llava'
Running target_layer_idx=2
Mask ratio=1
Executing: python _eval_llava.py  --model llava_new_1.6_7 --task vizwiz  --max_sample 1000 --lora_name vizwiz-2-llava_new_1.6_7-1 --batch_size 1 --attn_layer_idx 0 --target_layer_idx 2 --result_path result_0.json --mask_ratio 1 
nohup: ignoring input
Traceback (most recent call last):
  File "/ai/teacher/ssz/layer_task/MLLMR/_eval_llava.py", line 34, in <module>
    from models.llava.model.builder import load_pretrained_model
  File "/ai/teacher/ssz/layer_task/MLLMR/models/llava/model/builder.py", line 23, in <module>
    from llava.model import *
ModuleNotFoundError: No module named 'llava'
Running target_layer_idx=3
Mask ratio=1
Executing: python _eval_llava.py  --model llava_new_1.6_7 --task vizwiz  --max_sample 1000 --lora_name vizwiz-3-llava_new_1.6_7-1 --batch_size 1 --attn_layer_idx 0 --target_layer_idx 3 --result_path result_0.json --mask_ratio 1 
nohup: ignoring input
Traceback (most recent call last):
  File "/ai/teacher/ssz/layer_task/MLLMR/_eval_llava.py", line 34, in <module>
    from models.llava.model.builder import load_pretrained_model
  File "/ai/teacher/ssz/layer_task/MLLMR/models/llava/model/builder.py", line 23, in <module>
    from llava.model import *
ModuleNotFoundError: No module named 'llava'
Running target_layer_idx=4
Mask ratio=1
Executing: python _eval_llava.py  --model llava_new_1.6_7 --task vizwiz  --max_sample 1000 --lora_name vizwiz-4-llava_new_1.6_7-1 --batch_size 1 --attn_layer_idx 0 --target_layer_idx 4 --result_path result_0.json --mask_ratio 1 
nohup: ignoring input
Traceback (most recent call last):
  File "/ai/teacher/ssz/layer_task/MLLMR/_eval_llava.py", line 34, in <module>
    from models.llava.model.builder import load_pretrained_model
  File "/ai/teacher/ssz/layer_task/MLLMR/models/llava/model/builder.py", line 23, in <module>
    from llava.model import *
ModuleNotFoundError: No module named 'llava'
Running target_layer_idx=5
Mask ratio=1
Executing: python _eval_llava.py  --model llava_new_1.6_7 --task vizwiz  --max_sample 1000 --lora_name vizwiz-5-llava_new_1.6_7-1 --batch_size 1 --attn_layer_idx 0 --target_layer_idx 5 --result_path result_0.json --mask_ratio 1 
nohup: ignoring input
Traceback (most recent call last):
  File "/ai/teacher/ssz/layer_task/MLLMR/_eval_llava.py", line 34, in <module>
    from models.llava.model.builder import load_pretrained_model
  File "/ai/teacher/ssz/layer_task/MLLMR/models/llava/model/builder.py", line 23, in <module>
    from llava.model import *
ModuleNotFoundError: No module named 'llava'
Running target_layer_idx=6
Mask ratio=1
Executing: python _eval_llava.py  --model llava_new_1.6_7 --task vizwiz  --max_sample 1000 --lora_name vizwiz-6-llava_new_1.6_7-1 --batch_size 1 --attn_layer_idx 0 --target_layer_idx 6 --result_path result_0.json --mask_ratio 1 
nohup: ignoring input
Traceback (most recent call last):
  File "/ai/teacher/ssz/layer_task/MLLMR/_eval_llava.py", line 34, in <module>
    from models.llava.model.builder import load_pretrained_model
  File "/ai/teacher/ssz/layer_task/MLLMR/models/llava/model/builder.py", line 23, in <module>
    from llava.model import *
ModuleNotFoundError: No module named 'llava'
Running target_layer_idx=7
Mask ratio=1
Executing: python _eval_llava.py  --model llava_new_1.6_7 --task vizwiz  --max_sample 1000 --lora_name vizwiz-7-llava_new_1.6_7-1 --batch_size 1 --attn_layer_idx 0 --target_layer_idx 7 --result_path result_0.json --mask_ratio 1 
nohup: ignoring input
Traceback (most recent call last):
  File "/ai/teacher/ssz/layer_task/MLLMR/_eval_llava.py", line 12, in <module>
    from methods.utils.utils import *
  File "/ai/teacher/ssz/layer_task/MLLMR/methods/utils/utils.py", line 4, in <module>
    from scipy.ndimage import median_filter
  File "/root/miniconda3/envs/mllms/lib/python3.10/site-packages/scipy/ndimage/__init__.py", line 156, in <module>
    from ._support_alternative_backends import *
  File "/root/miniconda3/envs/mllms/lib/python3.10/site-packages/scipy/ndimage/_support_alternative_backends.py", line 7, in <module>
    from ._ndimage_api import *   # noqa: F403
  File "/root/miniconda3/envs/mllms/lib/python3.10/site-packages/scipy/ndimage/_ndimage_api.py", line 11, in <module>
    from ._interpolation import *   # noqa: F403
  File "/root/miniconda3/envs/mllms/lib/python3.10/site-packages/scipy/ndimage/_interpolation.py", line 37, in <module>
    from scipy import special
  File "<frozen importlib._bootstrap>", line 1075, in _handle_fromlist
  File "/root/miniconda3/envs/mllms/lib/python3.10/site-packages/scipy/__init__.py", line 134, in __getattr__
    return _importlib.import_module(f'scipy.{name}')
  File "/root/miniconda3/envs/mllms/lib/python3.10/importlib/__init__.py", line 126, in import_module
    return _bootstrap._gcd_import(name[level:], package, level)
  File "/root/miniconda3/envs/mllms/lib/python3.10/site-packages/scipy/special/__init__.py", line 821, in <module>
    from ._support_alternative_backends import (
  File "/root/miniconda3/envs/mllms/lib/python3.10/site-packages/scipy/special/_support_alternative_backends.py", line 9, in <module>
    from . import _ufuncs
  File "<frozen importlib._bootstrap>", line 1053, in _handle_fromlist
KeyboardInterrupt
